2025-10-14 13:35:11,039 - src.infrastructure.services.logger - INFO - –ë–æ—Ç –∑–∞–ø—É—â–µ–Ω
2025-10-14 13:35:11,040 - src.infrastructure.services.logger - INFO - –í—Å–µ —Ö–µ–Ω–¥–ª–µ—Ä—ã –∑–∞—Ä–µ–≥–∏—Å—Ç—Ä–∏—Ä–æ–≤–∞–Ω—ã.
2025-10-14 13:35:11,046 - src.infrastructure.services.logger - INFO - üìç Scheduler –∏—Å–ø–æ–ª—å–∑—É–µ—Ç event loop: <ProactorEventLoop running=True closed=False debug=False>
2025-10-14 13:35:11,047 - apscheduler.scheduler - INFO - Adding job tentatively -- it will be properly scheduled when the scheduler starts
2025-10-14 13:35:11,048 - apscheduler.scheduler - INFO - Added job "APSchedulerService.run_price_update" to job store "default"
2025-10-14 13:35:11,049 - apscheduler.scheduler - INFO - Scheduler started
2025-10-14 13:35:11,049 - src.infrastructure.services.logger - INFO - üîÅ APScheduler –∑–∞–ø—É—â–µ–Ω (–∏–Ω—Ç–µ—Ä–≤–∞–ª: 1 –º–∏–Ω).
2025-10-14 13:35:11,049 - src.infrastructure.services.logger - INFO - ‚úÖ –ü–ª–∞–Ω–∏—Ä–æ–≤—â–∏–∫ —É—Å–ø–µ—à–Ω–æ –∑–∞–ø—É—â–µ–Ω!
2025-10-14 13:35:11,049 - aiogram.dispatcher - INFO - Start polling
2025-10-14 13:35:11,317 - aiogram.dispatcher - INFO - Run polling for bot @heavenyoung_testbot id=5702092394 - 'testtest'
2025-10-14 13:35:16,148 - src.core.db_connection - INFO - –ò–Ω–∏—Ü–∏–∞–ª–∏–∑–∞—Ü–∏—è –ø–æ–¥–∫–ª—é—á–µ–Ω–∏—è –∫ –ë–î: postgresql+psycopg2://postgres:1234@192.168.175.129:5432/pricely_db
2025-10-14 13:35:16,332 - src.core.uow - INFO - Unit of Work –∏–Ω–∏—Ü–∏–∞–ª–∏–∑–∏—Ä–æ–≤–∞–Ω —Å —Å–µ—Å—Å–∏–µ–π –∏ —Ä–µ–ø–æ–∑–∏—Ç–æ—Ä–∏—è–º–∏
2025-10-14 13:35:16,333 - src.application.use_cases.get_products_for_user - INFO - –ó–∞–ø—Ä–æ—Å —Å–ø–∏—Å–∫–∞ —Ç–æ–≤–∞—Ä–æ–≤ –¥–ª—è –ø–æ–ª—å–∑–æ–≤–∞—Ç–µ–ª—è ID: 515084006
2025-10-14 13:35:16,480 - src.infrastructure.database.repositories.product_repository - INFO - –ù–∞–π–¥–µ–Ω —Ç–æ–≤–∞—Ä: Xiaomi S20 EU (BHR8629EU) –†–æ–±–æ—Ç-–ø—ã–ª–µ—Å–æ—Å, —Å—É—Ö–∞—è –∏ –≤–ª–∞–∂–Ω–∞—è —É–±–æ—Ä–∫–∞, –±–µ–ª—ã–π (ID: 1728110604)
2025-10-14 13:35:16,495 - src.infrastructure.database.repositories.product_repository - INFO - –ù–∞–π–¥–µ–Ω —Ç–æ–≤–∞—Ä: Microsoft Xbox Velocity Green –ë–µ—Å–ø—Ä–æ–≤–æ–¥–Ω–æ–π –≥–µ–π–º–ø–∞–¥ (ID: 1609078406)
2025-10-14 13:35:16,512 - src.infrastructure.database.repositories.product_repository - INFO - –ù–∞–π–¥–µ–Ω —Ç–æ–≤–∞—Ä: –ö—Ä–µ–∞—Ç–∏–Ω –º–æ–Ω–æ–≥–∏–¥—Ä–∞—Ç –ø–æ—Ä–æ—à–æ–∫ creatine 300 –≥, —Å–æ –≤–∫—É—Å–æ–º –∞–ø–µ–ª—å—Å–∏–Ω–∞ (ID: 2582743922)
2025-10-14 13:35:16,516 - src.core.decorators - INFO - –§—É–Ω–∫—Ü–∏—è get_all_products: commit –ø—Ä–æ–ø—É—â–µ–Ω, –≤—ã–ø–æ–ª–Ω—è–µ—Ç—Å—è rollback
2025-10-14 13:35:16,519 - src.core.uow - INFO - Unit of Work: —Ç—Ä–∞–Ω–∑–∞–∫—Ü–∏—è –æ—Ç–∫–∞—á–µ–Ω–∞, rollback –≤—ã–ø–æ–ª–Ω–µ–Ω
2025-10-14 13:35:16,520 - src.core.uow - INFO - Unit of Work: —Ç—Ä–∞–Ω–∑–∞–∫—Ü–∏—è –∑–∞—Ñ–∏–∫—Å–∏—Ä–æ–≤–∞–Ω–∞, commit –≤—ã–ø–æ–ª–Ω–µ–Ω
2025-10-14 13:35:16,520 - src.core.uow - INFO - Unit of Work –∑–∞–≤–µ—Ä—à–∏–ª —Ä–∞–±–æ—Ç—É, —Å–µ—Å—Å–∏—è –∑–∞–∫—Ä—ã—Ç–∞
2025-10-14 13:35:16,775 - aiogram.event - INFO - Update id=557185730 is handled. Duration 629 ms by bot id=5702092394
2025-10-14 13:35:19,081 - src.core.uow - INFO - Unit of Work –∏–Ω–∏—Ü–∏–∞–ª–∏–∑–∏—Ä–æ–≤–∞–Ω —Å —Å–µ—Å—Å–∏–µ–π –∏ —Ä–µ–ø–æ–∑–∏—Ç–æ—Ä–∏—è–º–∏
2025-10-14 13:35:19,093 - src.infrastructure.database.repositories.product_repository - INFO - –ù–∞–π–¥–µ–Ω —Ç–æ–≤–∞—Ä: –ö—Ä–µ–∞—Ç–∏–Ω –º–æ–Ω–æ–≥–∏–¥—Ä–∞—Ç –ø–æ—Ä–æ—à–æ–∫ creatine 300 –≥, —Å–æ –≤–∫—É—Å–æ–º –∞–ø–µ–ª—å—Å–∏–Ω–∞ (ID: 2582743922)
2025-10-14 13:35:19,095 - src.core.decorators - INFO - –§—É–Ω–∫—Ü–∏—è get_full_product: commit –ø—Ä–æ–ø—É—â–µ–Ω, –≤—ã–ø–æ–ª–Ω—è–µ—Ç—Å—è rollback
2025-10-14 13:35:19,098 - src.core.uow - INFO - Unit of Work: —Ç—Ä–∞–Ω–∑–∞–∫—Ü–∏—è –æ—Ç–∫–∞—á–µ–Ω–∞, rollback –≤—ã–ø–æ–ª–Ω–µ–Ω
2025-10-14 13:35:19,099 - src.core.uow - INFO - Unit of Work: —Ç—Ä–∞–Ω–∑–∞–∫—Ü–∏—è –∑–∞—Ñ–∏–∫—Å–∏—Ä–æ–≤–∞–Ω–∞, commit –≤—ã–ø–æ–ª–Ω–µ–Ω
2025-10-14 13:35:19,100 - src.core.uow - INFO - Unit of Work –∑–∞–≤–µ—Ä—à–∏–ª —Ä–∞–±–æ—Ç—É, —Å–µ—Å—Å–∏—è –∑–∞–∫—Ä—ã—Ç–∞
2025-10-14 13:35:19,233 - aiogram.event - INFO - Update id=557185731 is handled. Duration 338 ms by bot id=5702092394
2025-10-14 13:35:20,662 - src.core.uow - INFO - Unit of Work –∏–Ω–∏—Ü–∏–∞–ª–∏–∑–∏—Ä–æ–≤–∞–Ω —Å —Å–µ—Å—Å–∏–µ–π –∏ —Ä–µ–ø–æ–∑–∏—Ç–æ—Ä–∏—è–º–∏
2025-10-14 13:35:20,675 - src.infrastructure.database.repositories.product_repository - INFO - –ù–∞–π–¥–µ–Ω —Ç–æ–≤–∞—Ä: –ö—Ä–µ–∞—Ç–∏–Ω –º–æ–Ω–æ–≥–∏–¥—Ä–∞—Ç –ø–æ—Ä–æ—à–æ–∫ creatine 300 –≥, —Å–æ –≤–∫—É—Å–æ–º –∞–ø–µ–ª—å—Å–∏–Ω–∞ (ID: 2582743922)
2025-10-14 13:35:20,679 - src.core.decorators - INFO - –§—É–Ω–∫—Ü–∏—è get_full_product: commit –ø—Ä–æ–ø—É—â–µ–Ω, –≤—ã–ø–æ–ª–Ω—è–µ—Ç—Å—è rollback
2025-10-14 13:35:20,681 - src.core.uow - INFO - Unit of Work: —Ç—Ä–∞–Ω–∑–∞–∫—Ü–∏—è –æ—Ç–∫–∞—á–µ–Ω–∞, rollback –≤—ã–ø–æ–ª–Ω–µ–Ω
2025-10-14 13:35:20,681 - src.core.uow - INFO - Unit of Work: —Ç—Ä–∞–Ω–∑–∞–∫—Ü–∏—è –∑–∞—Ñ–∏–∫—Å–∏—Ä–æ–≤–∞–Ω–∞, commit –≤—ã–ø–æ–ª–Ω–µ–Ω
2025-10-14 13:35:20,682 - src.core.uow - INFO - Unit of Work –∑–∞–≤–µ—Ä—à–∏–ª —Ä–∞–±–æ—Ç—É, —Å–µ—Å—Å–∏—è –∑–∞–∫—Ä—ã—Ç–∞
2025-10-14 13:35:20,761 - aiogram.event - INFO - Update id=557185732 is handled. Duration 215 ms by bot id=5702092394
2025-10-14 13:35:21,935 - src.core.uow - INFO - Unit of Work –∏–Ω–∏—Ü–∏–∞–ª–∏–∑–∏—Ä–æ–≤–∞–Ω —Å —Å–µ—Å—Å–∏–µ–π –∏ —Ä–µ–ø–æ–∑–∏—Ç–æ—Ä–∏—è–º–∏
2025-10-14 13:35:21,951 - src.infrastructure.database.repositories.product_repository - INFO - –ù–∞–π–¥–µ–Ω —Ç–æ–≤–∞—Ä: –ö—Ä–µ–∞—Ç–∏–Ω –º–æ–Ω–æ–≥–∏–¥—Ä–∞—Ç –ø–æ—Ä–æ—à–æ–∫ creatine 300 –≥, —Å–æ –≤–∫—É—Å–æ–º –∞–ø–µ–ª—å—Å–∏–Ω–∞ (ID: 2582743922)
2025-10-14 13:35:21,952 - src.infrastructure.database.repositories.price_repository - INFO - –ü–æ–ø—ã—Ç–∫–∞ —É–¥–∞–ª–µ–Ω–∏—è –≤—Å–µ—Ö —Ü–µ–Ω –¥–ª—è —Ç–æ–≤–∞—Ä–∞ —Å ID: 2582743922
2025-10-14 13:35:21,955 - src.infrastructure.database.repositories.price_repository - INFO - –í—Å–µ —Ü–µ–Ω—ã –¥–ª—è —Ç–æ–≤–∞—Ä–∞ —Å ID 2582743922 —É—Å–ø–µ—à–Ω–æ —É–¥–∞–ª–µ–Ω—ã
2025-10-14 13:35:21,956 - src.application.use_cases.delete_product - INFO - –¶–µ–Ω—ã –¥–ª—è —Ç–æ–≤–∞—Ä–∞ 2582743922 —É–¥–∞–ª–µ–Ω—ã
2025-10-14 13:35:21,957 - src.infrastructure.database.repositories.product_repository - INFO - –ü–æ–ø—ã—Ç–∫–∞ —É–¥–∞–ª–µ–Ω–∏—è —Ç–æ–≤–∞—Ä–∞ —Å ID: 2582743922
2025-10-14 13:35:21,978 - src.infrastructure.database.repositories.product_repository - INFO - –¢–æ–≤–∞—Ä —Å ID 2582743922 —É—Å–ø–µ—à–Ω–æ —É–¥–∞–ª–µ–Ω
2025-10-14 13:35:21,986 - src.infrastructure.database.repositories.user_repository - WARNING - –ü–æ–ª—å–∑–æ–≤–∞—Ç–µ–ª—å —Å id  –Ω–µ –Ω–∞–π–¥–µ–Ω
2025-10-14 13:35:21,987 - src.application.use_cases.delete_product - INFO - –û–ø–µ—Ä–∞—Ü–∏—è —É–¥–∞–ª–µ–Ω–∏—è –≤—ã–ø–æ–ª–Ω–µ–Ω–∞ –¥–ª—è ID 2582743922
2025-10-14 13:35:21,987 - src.core.decorators - INFO - –§—É–Ω–∫—Ü–∏—è delete_product: –≤—ã–ø–æ–ª–Ω—è–µ—Ç—Å—è commit —Ç—Ä–∞–Ω–∑–∞–∫—Ü–∏–∏
2025-10-14 13:35:22,083 - src.core.uow - INFO - Unit of Work: —Ç—Ä–∞–Ω–∑–∞–∫—Ü–∏—è –∑–∞—Ñ–∏–∫—Å–∏—Ä–æ–≤–∞–Ω–∞, commit –≤—ã–ø–æ–ª–Ω–µ–Ω
2025-10-14 13:35:22,084 - src.core.uow - INFO - Unit of Work: —Ç—Ä–∞–Ω–∑–∞–∫—Ü–∏—è –∑–∞—Ñ–∏–∫—Å–∏—Ä–æ–≤–∞–Ω–∞, commit –≤—ã–ø–æ–ª–Ω–µ–Ω
2025-10-14 13:35:22,084 - src.core.uow - INFO - Unit of Work –∑–∞–≤–µ—Ä—à–∏–ª —Ä–∞–±–æ—Ç—É, —Å–µ—Å—Å–∏—è –∑–∞–∫—Ä—ã—Ç–∞
2025-10-14 13:35:22,085 - src.core.uow - INFO - Unit of Work –∏–Ω–∏—Ü–∏–∞–ª–∏–∑–∏—Ä–æ–≤–∞–Ω —Å —Å–µ—Å—Å–∏–µ–π –∏ —Ä–µ–ø–æ–∑–∏—Ç–æ—Ä–∏—è–º–∏
2025-10-14 13:35:22,086 - src.application.use_cases.get_products_for_user - INFO - –ó–∞–ø—Ä–æ—Å —Å–ø–∏—Å–∫–∞ —Ç–æ–≤–∞—Ä–æ–≤ –¥–ª—è –ø–æ–ª—å–∑–æ–≤–∞—Ç–µ–ª—è ID: 515084006
2025-10-14 13:35:22,112 - src.infrastructure.database.repositories.product_repository - INFO - –ù–∞–π–¥–µ–Ω —Ç–æ–≤–∞—Ä: Xiaomi S20 EU (BHR8629EU) –†–æ–±–æ—Ç-–ø—ã–ª–µ—Å–æ—Å, —Å—É—Ö–∞—è –∏ –≤–ª–∞–∂–Ω–∞—è —É–±–æ—Ä–∫–∞, –±–µ–ª—ã–π (ID: 1728110604)
2025-10-14 13:35:22,132 - src.infrastructure.database.repositories.product_repository - INFO - –ù–∞–π–¥–µ–Ω —Ç–æ–≤–∞—Ä: Microsoft Xbox Velocity Green –ë–µ—Å–ø—Ä–æ–≤–æ–¥–Ω–æ–π –≥–µ–π–º–ø–∞–¥ (ID: 1609078406)
2025-10-14 13:35:22,137 - src.core.decorators - INFO - –§—É–Ω–∫—Ü–∏—è get_all_products: commit –ø—Ä–æ–ø—É—â–µ–Ω, –≤—ã–ø–æ–ª–Ω—è–µ—Ç—Å—è rollback
2025-10-14 13:35:22,140 - src.core.uow - INFO - Unit of Work: —Ç—Ä–∞–Ω–∑–∞–∫—Ü–∏—è –æ—Ç–∫–∞—á–µ–Ω–∞, rollback –≤—ã–ø–æ–ª–Ω–µ–Ω
2025-10-14 13:35:22,141 - src.core.uow - INFO - Unit of Work: —Ç—Ä–∞–Ω–∑–∞–∫—Ü–∏—è –∑–∞—Ñ–∏–∫—Å–∏—Ä–æ–≤–∞–Ω–∞, commit –≤—ã–ø–æ–ª–Ω–µ–Ω
2025-10-14 13:35:22,142 - src.core.uow - INFO - Unit of Work –∑–∞–≤–µ—Ä—à–∏–ª —Ä–∞–±–æ—Ç—É, —Å–µ—Å—Å–∏—è –∑–∞–∫—Ä—ã—Ç–∞
2025-10-14 13:35:22,240 - aiogram.event - INFO - Update id=557185733 is handled. Duration 370 ms by bot id=5702092394
2025-10-14 13:36:11,064 - apscheduler.executors.default - INFO - Running job "APSchedulerService.run_price_update (trigger: interval[0:01:00], next run at: 2025-10-14 13:37:11 MSK)" (scheduled at 2025-10-14 13:36:11.047526+03:00)
2025-10-14 13:36:11,065 - src.infrastructure.services.logger - INFO - üöÄ –ó–∞–ø—É—Å–∫ –∞–≤—Ç–æ–º–∞—Ç–∏—á–µ—Å–∫–æ–≥–æ –æ–±–Ω–æ–≤–ª–µ–Ω–∏—è —Ü–µ–Ω...
2025-10-14 13:36:11,065 - src.core.uow - INFO - Unit of Work –∏–Ω–∏—Ü–∏–∞–ª–∏–∑–∏—Ä–æ–≤–∞–Ω —Å —Å–µ—Å—Å–∏–µ–π –∏ —Ä–µ–ø–æ–∑–∏—Ç–æ—Ä–∏—è–º–∏
2025-10-14 13:36:11,066 - src.application.use_cases.get_user_products - INFO - –ó–∞–ø—Ä–∞—à–∏–≤–∞–µ–º –¥–∞–Ω–Ω—ã–µ –¥–ª—è –∑–∞–ø—É—Å–∫–∞ APSchedulerService
2025-10-14 13:36:11,066 - src.infrastructure.database.repositories.user_products_repository - INFO - –ò–∑–≤–ª–µ–∫–∞–µ–º –¥–∞–Ω–Ω—ã–µ {product_id:user_id} –∏–∑ —Ä–µ–ø–æ–∑–∏—Ç–æ—Ä–∏—è UserProductsRepositoryImpl
2025-10-14 13:36:11,075 - src.infrastructure.database.repositories.user_products_repository - INFO - Rows -> [<src.infrastructure.database.models.users_products.ORMUserProducts object at 0x000002560C7DF130>, <src.infrastructure.database.models.users_products.ORMUserProducts object at 0x000002560DAA47C0>]
2025-10-14 13:36:11,076 - src.infrastructure.database.repositories.user_products_repository - INFO - user_products Iteration -> defaultdict(<class 'list'>, {})
2025-10-14 13:36:11,077 - src.infrastructure.database.repositories.user_products_repository - INFO - user_products Iteration -> defaultdict(<class 'list'>, {'515084006': ['1728110604']})
2025-10-14 13:36:11,077 - src.infrastructure.database.repositories.user_products_repository - INFO - –ó–∞–ø–∏—Å–∏ —Å–ø–∏—Å–æ–∫ (user_id: [product_id, product_id, ...]) –ø–æ–ª—É—á–µ–Ω –∏ –≥–æ—Ç–æ–≤ –¥–ª—è –ø–∞—Ä—Å–∏–Ω–≥–∞.
2025-10-14 13:36:11,078 - src.core.decorators - INFO - –§—É–Ω–∫—Ü–∏—è get_all_products_for_update: commit –ø—Ä–æ–ø—É—â–µ–Ω, –≤—ã–ø–æ–ª–Ω—è–µ—Ç—Å—è rollback
2025-10-14 13:36:11,079 - src.core.uow - INFO - Unit of Work: —Ç—Ä–∞–Ω–∑–∞–∫—Ü–∏—è –æ—Ç–∫–∞—á–µ–Ω–∞, rollback –≤—ã–ø–æ–ª–Ω–µ–Ω
2025-10-14 13:36:11,080 - src.core.uow - INFO - Unit of Work: —Ç—Ä–∞–Ω–∑–∞–∫—Ü–∏—è –∑–∞—Ñ–∏–∫—Å–∏—Ä–æ–≤–∞–Ω–∞, commit –≤—ã–ø–æ–ª–Ω–µ–Ω
2025-10-14 13:36:11,080 - src.core.uow - INFO - Unit of Work –∑–∞–≤–µ—Ä—à–∏–ª —Ä–∞–±–æ—Ç—É, —Å–µ—Å—Å–∏—è –∑–∞–∫—Ä—ã—Ç–∞
2025-10-14 13:36:11,081 - src.infrastructure.services.logger - INFO - USERS_PRODUCTS –ü–û–õ–£–ß–ï–ù–´ {'515084006': ['1728110604', '1609078406']}
2025-10-14 13:36:11,081 - src.infrastructure.services.logger - INFO - USER_PRODUCT_ITEMS: {'515084006': ['1728110604', '1609078406']}
2025-10-14 13:36:11,082 - src.infrastructure.services.logger - INFO - –û–±—Ä–∞–±–∞—Ç—ã–≤–∞–µ–º —Ç–æ–≤–∞—Ä—ã –¥–ª—è –ø–æ–ª—å–∑–æ–≤–∞—Ç–µ–ª—è: 515084006
2025-10-14 13:36:11,082 - src.infrastructure.services.logger - INFO - –¢–æ–≤–∞—Ä—ã –¥–ª—è –ø–æ–ª—å–∑–æ–≤–∞—Ç–µ–ª—è 515084006: ['1728110604', '1609078406']
2025-10-14 13:36:11,083 - src.infrastructure.services.logger - INFO - –ü–æ–ª—É—á–∞–µ–º —Ç–æ–≤–∞—Ä –¥–ª—è –æ–±–Ω–æ–≤–ª–µ–Ω–∏—è: ID=1728110604
2025-10-14 13:36:11,084 - src.core.uow - INFO - Unit of Work –∏–Ω–∏—Ü–∏–∞–ª–∏–∑–∏—Ä–æ–≤–∞–Ω —Å —Å–µ—Å—Å–∏–µ–π –∏ —Ä–µ–ø–æ–∑–∏—Ç–æ—Ä–∏—è–º–∏
2025-10-14 13:36:11,103 - src.infrastructure.database.repositories.product_repository - INFO - –ù–∞–π–¥–µ–Ω —Ç–æ–≤–∞—Ä: Xiaomi S20 EU (BHR8629EU) –†–æ–±–æ—Ç-–ø—ã–ª–µ—Å–æ—Å, —Å—É—Ö–∞—è –∏ –≤–ª–∞–∂–Ω–∞—è —É–±–æ—Ä–∫–∞, –±–µ–ª—ã–π (ID: 1728110604)
2025-10-14 13:36:13,209 - src.infrastructure.parsers.session_engine - INFO - Stealth-–Ω–∞—Å—Ç—Ä–æ–π–∫–∏ —É—Å–ø–µ—à–Ω–æ –ø—Ä–∏–º–µ–Ω–µ–Ω—ã.
2025-10-14 13:36:13,211 - src.infrastructure.parsers.session_engine - INFO - WebDriver —É—Å–ø–µ—à–Ω–æ –∏–Ω–∏—Ü–∏–∞–ª–∏–∑–∏—Ä–æ–≤–∞–Ω.
2025-10-14 13:36:14,493 - src.infrastructure.parsers.session_engine - INFO - –£—Å–ø–µ—à–Ω–æ –∑–∞–≥—Ä—É–∂–µ–Ω–∞ —Å—Ç—Ä–∞–Ω–∏—Ü–∞: https://www.ozon.ru/product/xiaomi-s20-eu-bhr8629eu-robot-pylesos-suhaya-i-vlazhnaya-uborka-belyy-1728110604/
2025-10-14 13:36:14,495 - src.infrastructure.parsers.ozon_parser - INFO - –ó–∞–≥—Ä—É–∂–µ–Ω–∞ —Å—Ç—Ä–∞–Ω–∏—Ü–∞: https://www.ozon.ru/product/xiaomi-s20-eu-bhr8629eu-robot-pylesos-suhaya-i-vlazhnaya-uborka-belyy-1728110604/
2025-10-14 13:36:18,747 - src.core.uow - WARNING - –ò—Å–∫–ª—é—á–µ–Ω–∏–µ –≤ Unit of Work: KeyboardInterrupt: 
2025-10-14 13:36:18,750 - src.core.uow - INFO - Unit of Work: —Ç—Ä–∞–Ω–∑–∞–∫—Ü–∏—è –æ—Ç–∫–∞—á–µ–Ω–∞, rollback –≤—ã–ø–æ–ª–Ω–µ–Ω
2025-10-14 13:36:18,751 - src.core.uow - INFO - Unit of Work –∑–∞–≤–µ—Ä—à–∏–ª —Ä–∞–±–æ—Ç—É, —Å–µ—Å—Å–∏—è –∑–∞–∫—Ä—ã—Ç–∞
2025-10-14 13:36:18,797 - apscheduler.executors.default - ERROR - Job "APSchedulerService.run_price_update (trigger: interval[0:01:00], next run at: 2025-10-14 13:37:11 MSK)" raised an exception
Traceback (most recent call last):
  File "C:\Users\Mefyod-EA\Documents\my_projects\pricely\src\infrastructure\parsers\session_decorator.py", line 41, in wrapper
    result = func(self, session, *args, **kwargs)
  File "C:\Users\Mefyod-EA\Documents\my_projects\pricely\src\infrastructure\parsers\ozon_parser.py", line 37, in parse_product
    'id': self._extract_id(session),
          ~~~~~~~~~~~~~~~~^^^^^^^^^
  File "C:\Users\Mefyod-EA\Documents\my_projects\pricely\src\infrastructure\parsers\ozon_parser.py", line 68, in _extract_id
    element_obj = WebDriverWait(session.driver, session.wait_time).until(
        EC.visibility_of_element_located((By.XPATH, "//div[contains(text(),'–ê—Ä—Ç–∏–∫—É–ª')]"))
    )
  File "C:\Users\Mefyod-EA\Documents\my_projects\pricely\.venv\Lib\site-packages\selenium\webdriver\support\wait.py", line 137, in until
    time.sleep(self._poll)
    ~~~~~~~~~~^^^^^^^^^^^^
  File "C:\Users\Mefyod-EA\AppData\Roaming\uv\python\cpython-3.13.3-windows-x86_64-none\Lib\asyncio\runners.py", line 157, in _on_sigint
    raise KeyboardInterrupt()
KeyboardInterrupt

During handling of the above exception, another exception occurred:

Traceback (most recent call last):
  File "C:\Users\Mefyod-EA\Documents\my_projects\pricely\.venv\Lib\site-packages\urllib3\util\connection.py", line 73, in create_connection
    sock.connect(sa)
    ~~~~~~~~~~~~^^^^
ConnectionRefusedError: [WinError 10061] –ü–æ–¥–∫–ª—é—á–µ–Ω–∏–µ –Ω–µ —É—Å—Ç–∞–Ω–æ–≤–ª–µ–Ω–æ, —Ç.–∫. –∫–æ–Ω–µ—á–Ω—ã–π –∫–æ–º–ø—å—é—Ç–µ—Ä –æ—Ç–≤–µ—Ä–≥ –∑–∞–ø—Ä–æ—Å –Ω–∞ –ø–æ–¥–∫–ª—é—á–µ–Ω–∏–µ

During handling of the above exception, another exception occurred:

Traceback (most recent call last):
  File "C:\Users\Mefyod-EA\Documents\my_projects\pricely\.venv\Lib\site-packages\apscheduler\executors\base.py", line 181, in run_coroutine_job
    retval = await job.func(*job.args, **job.kwargs)
             ^^^^^^^^^^^^^^^^^^^^^^^^^^^^^^^^^^^^^^^
  File "C:\Users\Mefyod-EA\Documents\my_projects\pricely\src\infrastructure\services\scheduler_service.py", line 77, in run_price_update
    result = self.product_service.update_product_price(product_id)
  File "C:\Users\Mefyod-EA\Documents\my_projects\pricely\src\core\decorators.py", line 64, in wrapper
    result = func(self, *args, **kwargs) # –£–±—Ä–∞–ª –ø–µ—Ä–µ–¥–∞—á—É –∞—Ä–≥—É–º–µ–Ω—Ç–∞ uow
  File "C:\Users\Mefyod-EA\Documents\my_projects\pricely\src\infrastructure\services\product_service.py", line 122, in update_product_price
    result_use_case_update_product = use_case_update_product.execute(
        product_id=product_id,
    )
  File "C:\Users\Mefyod-EA\Documents\my_projects\pricely\src\application\use_cases\upd_product.py", line 65, in execute
    product_data = self.parser.parse_product(product.link)
  File "C:\Users\Mefyod-EA\Documents\my_projects\pricely\src\infrastructure\parsers\session_decorator.py", line 50, in wrapper
    session.quit()
    ~~~~~~~~~~~~^^
  File "C:\Users\Mefyod-EA\Documents\my_projects\pricely\src\infrastructure\parsers\session_engine.py", line 111, in quit
    self.driver.quit()
    ~~~~~~~~~~~~~~~~^^
  File "C:\Users\Mefyod-EA\Documents\my_projects\pricely\.venv\Lib\site-packages\selenium\webdriver\chromium\webdriver.py", line 219, in quit
    super().quit()
    ~~~~~~~~~~~~^^
  File "C:\Users\Mefyod-EA\Documents\my_projects\pricely\.venv\Lib\site-packages\selenium\webdriver\remote\webdriver.py", line 616, in quit
    self.execute(Command.QUIT)
    ~~~~~~~~~~~~^^^^^^^^^^^^^^
  File "C:\Users\Mefyod-EA\Documents\my_projects\pricely\.venv\Lib\site-packages\selenium\webdriver\remote\webdriver.py", line 455, in execute
    response = cast(RemoteConnection, self.command_executor).execute(driver_command, params)
  File "C:\Users\Mefyod-EA\Documents\my_projects\pricely\.venv\Lib\site-packages\selenium\webdriver\remote\remote_connection.py", line 406, in execute
    return self._request(command_info[0], url, body=data)
           ~~~~~~~~~~~~~^^^^^^^^^^^^^^^^^^^^^^^^^^^^^^^^^
  File "C:\Users\Mefyod-EA\Documents\my_projects\pricely\.venv\Lib\site-packages\selenium\webdriver\remote\remote_connection.py", line 430, in _request
    response = self._conn.request(method, url, body=body, headers=headers, timeout=self._client_config.timeout)
  File "C:\Users\Mefyod-EA\Documents\my_projects\pricely\.venv\Lib\site-packages\urllib3\_request_methods.py", line 135, in request
    return self.request_encode_url(
           ~~~~~~~~~~~~~~~~~~~~~~~^
        method,
        ^^^^^^^
    ...<3 lines>...
        **urlopen_kw,
        ^^^^^^^^^^^^^
    )
    ^
  File "C:\Users\Mefyod-EA\Documents\my_projects\pricely\.venv\Lib\site-packages\urllib3\_request_methods.py", line 182, in request_encode_url
    return self.urlopen(method, url, **extra_kw)
           ~~~~~~~~~~~~^^^^^^^^^^^^^^^^^^^^^^^^^
  File "C:\Users\Mefyod-EA\Documents\my_projects\pricely\.venv\Lib\site-packages\urllib3\poolmanager.py", line 459, in urlopen
    response = conn.urlopen(method, u.request_uri, **kw)
  File "C:\Users\Mefyod-EA\Documents\my_projects\pricely\.venv\Lib\site-packages\urllib3\connectionpool.py", line 787, in urlopen
    response = self._make_request(
        conn,
    ...<10 lines>...
        **response_kw,
    )
  File "C:\Users\Mefyod-EA\Documents\my_projects\pricely\.venv\Lib\site-packages\urllib3\connectionpool.py", line 493, in _make_request
    conn.request(
    ~~~~~~~~~~~~^
        method,
        ^^^^^^^
    ...<6 lines>...
        enforce_content_length=enforce_content_length,
        ^^^^^^^^^^^^^^^^^^^^^^^^^^^^^^^^^^^^^^^^^^^^^^
    )
    ^
  File "C:\Users\Mefyod-EA\Documents\my_projects\pricely\.venv\Lib\site-packages\urllib3\connection.py", line 494, in request
    self.endheaders()
    ~~~~~~~~~~~~~~~^^
  File "C:\Users\Mefyod-EA\AppData\Roaming\uv\python\cpython-3.13.3-windows-x86_64-none\Lib\http\client.py", line 1333, in endheaders
    self._send_output(message_body, encode_chunked=encode_chunked)
    ~~~~~~~~~~~~~~~~~^^^^^^^^^^^^^^^^^^^^^^^^^^^^^^^^^^^^^^^^^^^^^
  File "C:\Users\Mefyod-EA\AppData\Roaming\uv\python\cpython-3.13.3-windows-x86_64-none\Lib\http\client.py", line 1093, in _send_output
    self.send(msg)
    ~~~~~~~~~^^^^^
  File "C:\Users\Mefyod-EA\AppData\Roaming\uv\python\cpython-3.13.3-windows-x86_64-none\Lib\http\client.py", line 1037, in send
    self.connect()
    ~~~~~~~~~~~~^^
  File "C:\Users\Mefyod-EA\Documents\my_projects\pricely\.venv\Lib\site-packages\urllib3\connection.py", line 325, in connect
    self.sock = self._new_conn()
                ~~~~~~~~~~~~~~^^
  File "C:\Users\Mefyod-EA\Documents\my_projects\pricely\.venv\Lib\site-packages\urllib3\connection.py", line 198, in _new_conn
    sock = connection.create_connection(
        (self._dns_host, self.port),
    ...<2 lines>...
        socket_options=self.socket_options,
    )
  File "C:\Users\Mefyod-EA\Documents\my_projects\pricely\.venv\Lib\site-packages\urllib3\util\connection.py", line 81, in create_connection
    sock.close()
    ~~~~~~~~~~^^
  File "C:\Users\Mefyod-EA\AppData\Roaming\uv\python\cpython-3.13.3-windows-x86_64-none\Lib\socket.py", line 501, in close
    def close(self):
    
  File "C:\Users\Mefyod-EA\AppData\Roaming\uv\python\cpython-3.13.3-windows-x86_64-none\Lib\asyncio\runners.py", line 157, in _on_sigint
    raise KeyboardInterrupt()
KeyboardInterrupt
2025-10-14 13:36:18,878 - aiogram.dispatcher - INFO - Polling stopped
2025-10-14 13:36:18,878 - src.infrastructure.services.logger - ERROR - –û—à–∏–±–∫–∞ –≤—ã–ø–æ–ª–Ω–µ–Ω–∏—è –∑–∞–¥–∞—á–∏: 
2025-10-14 13:36:19,138 - aiogram.dispatcher - INFO - Polling stopped for bot @heavenyoung_testbot id=5702092394 - 'testtest'
2025-10-14 13:44:09,725 - src.infrastructure.services.logger - INFO - –ë–æ—Ç –∑–∞–ø—É—â–µ–Ω
2025-10-14 13:44:09,727 - src.infrastructure.services.logger - INFO - –í—Å–µ —Ö–µ–Ω–¥–ª–µ—Ä—ã –∑–∞—Ä–µ–≥–∏—Å—Ç—Ä–∏—Ä–æ–≤–∞–Ω—ã.
2025-10-14 13:44:09,734 - src.infrastructure.services.logger - INFO - üìç Scheduler –∏—Å–ø–æ–ª—å–∑—É–µ—Ç event loop: <ProactorEventLoop running=True closed=False debug=False>
2025-10-14 13:44:09,736 - apscheduler.scheduler - INFO - Adding job tentatively -- it will be properly scheduled when the scheduler starts
2025-10-14 13:44:09,738 - apscheduler.scheduler - INFO - Added job "APSchedulerService.run_price_update" to job store "default"
2025-10-14 13:44:09,738 - apscheduler.scheduler - INFO - Scheduler started
2025-10-14 13:44:09,738 - src.infrastructure.services.logger - INFO - üîÅ APScheduler –∑–∞–ø—É—â–µ–Ω (–∏–Ω—Ç–µ—Ä–≤–∞–ª: 1 –º–∏–Ω).
2025-10-14 13:44:09,739 - src.infrastructure.services.logger - INFO - ‚úÖ –ü–ª–∞–Ω–∏—Ä–æ–≤—â–∏–∫ —É—Å–ø–µ—à–Ω–æ –∑–∞–ø—É—â–µ–Ω!
2025-10-14 13:44:09,739 - aiogram.dispatcher - INFO - Start polling
2025-10-14 13:44:09,987 - aiogram.dispatcher - INFO - Run polling for bot @heavenyoung_testbot id=5702092394 - 'testtest'
2025-10-14 13:44:10,283 - aiogram.event - INFO - Update id=557185734 is handled. Duration 231 ms by bot id=5702092394
2025-10-14 13:44:15,770 - src.core.db_connection - INFO - –ò–Ω–∏—Ü–∏–∞–ª–∏–∑–∞—Ü–∏—è –ø–æ–¥–∫–ª—é—á–µ–Ω–∏—è –∫ –ë–î: postgresql+psycopg2://postgres:1234@192.168.175.129:5432/pricely_db
2025-10-14 13:44:15,930 - src.core.uow - INFO - Unit of Work –∏–Ω–∏—Ü–∏–∞–ª–∏–∑–∏—Ä–æ–≤–∞–Ω —Å —Å–µ—Å—Å–∏–µ–π –∏ —Ä–µ–ø–æ–∑–∏—Ç–æ—Ä–∏—è–º–∏
2025-10-14 13:44:15,930 - src.application.use_cases.get_products_for_user - INFO - –ó–∞–ø—Ä–æ—Å —Å–ø–∏—Å–∫–∞ —Ç–æ–≤–∞—Ä–æ–≤ –¥–ª—è –ø–æ–ª—å–∑–æ–≤–∞—Ç–µ–ª—è ID: 515084006
2025-10-14 13:44:16,069 - src.infrastructure.database.repositories.product_repository - INFO - –ù–∞–π–¥–µ–Ω —Ç–æ–≤–∞—Ä: Xiaomi S20 EU (BHR8629EU) –†–æ–±–æ—Ç-–ø—ã–ª–µ—Å–æ—Å, —Å—É—Ö–∞—è –∏ –≤–ª–∞–∂–Ω–∞—è —É–±–æ—Ä–∫–∞, –±–µ–ª—ã–π (ID: 1728110604)
2025-10-14 13:44:16,089 - src.infrastructure.database.repositories.product_repository - INFO - –ù–∞–π–¥–µ–Ω —Ç–æ–≤–∞—Ä: Microsoft Xbox Velocity Green –ë–µ—Å–ø—Ä–æ–≤–æ–¥–Ω–æ–π –≥–µ–π–º–ø–∞–¥ (ID: 1609078406)
2025-10-14 13:44:16,092 - src.core.decorators - INFO - –§—É–Ω–∫—Ü–∏—è get_all_products: commit –ø—Ä–æ–ø—É—â–µ–Ω, –≤—ã–ø–æ–ª–Ω—è–µ—Ç—Å—è rollback
2025-10-14 13:44:16,094 - src.core.uow - INFO - Unit of Work: —Ç—Ä–∞–Ω–∑–∞–∫—Ü–∏—è –æ—Ç–∫–∞—á–µ–Ω–∞, rollback –≤—ã–ø–æ–ª–Ω–µ–Ω
2025-10-14 13:44:16,094 - src.core.uow - INFO - Unit of Work: —Ç—Ä–∞–Ω–∑–∞–∫—Ü–∏—è –∑–∞—Ñ–∏–∫—Å–∏—Ä–æ–≤–∞–Ω–∞, commit –≤—ã–ø–æ–ª–Ω–µ–Ω
2025-10-14 13:44:16,095 - src.core.uow - INFO - Unit of Work –∑–∞–≤–µ—Ä—à–∏–ª —Ä–∞–±–æ—Ç—É, —Å–µ—Å—Å–∏—è –∑–∞–∫—Ä—ã—Ç–∞
2025-10-14 13:44:16,191 - aiogram.event - INFO - Update id=557185735 is handled. Duration 423 ms by bot id=5702092394
2025-10-14 13:44:17,368 - src.core.uow - INFO - Unit of Work –∏–Ω–∏—Ü–∏–∞–ª–∏–∑–∏—Ä–æ–≤–∞–Ω —Å —Å–µ—Å—Å–∏–µ–π –∏ —Ä–µ–ø–æ–∑–∏—Ç–æ—Ä–∏—è–º–∏
2025-10-14 13:44:17,388 - src.infrastructure.database.repositories.product_repository - INFO - –ù–∞–π–¥–µ–Ω —Ç–æ–≤–∞—Ä: Xiaomi S20 EU (BHR8629EU) –†–æ–±–æ—Ç-–ø—ã–ª–µ—Å–æ—Å, —Å—É—Ö–∞—è –∏ –≤–ª–∞–∂–Ω–∞—è —É–±–æ—Ä–∫–∞, –±–µ–ª—ã–π (ID: 1728110604)
2025-10-14 13:44:17,393 - src.core.decorators - INFO - –§—É–Ω–∫—Ü–∏—è get_full_product: commit –ø—Ä–æ–ø—É—â–µ–Ω, –≤—ã–ø–æ–ª–Ω—è–µ—Ç—Å—è rollback
2025-10-14 13:44:17,397 - src.core.uow - INFO - Unit of Work: —Ç—Ä–∞–Ω–∑–∞–∫—Ü–∏—è –æ—Ç–∫–∞—á–µ–Ω–∞, rollback –≤—ã–ø–æ–ª–Ω–µ–Ω
2025-10-14 13:44:17,398 - src.core.uow - INFO - Unit of Work: —Ç—Ä–∞–Ω–∑–∞–∫—Ü–∏—è –∑–∞—Ñ–∏–∫—Å–∏—Ä–æ–≤–∞–Ω–∞, commit –≤—ã–ø–æ–ª–Ω–µ–Ω
2025-10-14 13:44:17,398 - src.core.uow - INFO - Unit of Work –∑–∞–≤–µ—Ä—à–∏–ª —Ä–∞–±–æ—Ç—É, —Å–µ—Å—Å–∏—è –∑–∞–∫—Ä—ã—Ç–∞
2025-10-14 13:44:17,502 - aiogram.event - INFO - Update id=557185736 is handled. Duration 225 ms by bot id=5702092394
2025-10-14 13:44:18,540 - src.core.uow - INFO - Unit of Work –∏–Ω–∏—Ü–∏–∞–ª–∏–∑–∏—Ä–æ–≤–∞–Ω —Å —Å–µ—Å—Å–∏–µ–π –∏ —Ä–µ–ø–æ–∑–∏—Ç–æ—Ä–∏—è–º–∏
2025-10-14 13:44:18,540 - src.application.use_cases.get_products_for_user - INFO - –ó–∞–ø—Ä–æ—Å —Å–ø–∏—Å–∫–∞ —Ç–æ–≤–∞—Ä–æ–≤ –¥–ª—è –ø–æ–ª—å–∑–æ–≤–∞—Ç–µ–ª—è ID: 515084006
2025-10-14 13:44:18,561 - src.infrastructure.database.repositories.product_repository - INFO - –ù–∞–π–¥–µ–Ω —Ç–æ–≤–∞—Ä: Xiaomi S20 EU (BHR8629EU) –†–æ–±–æ—Ç-–ø—ã–ª–µ—Å–æ—Å, —Å—É—Ö–∞—è –∏ –≤–ª–∞–∂–Ω–∞—è —É–±–æ—Ä–∫–∞, –±–µ–ª—ã–π (ID: 1728110604)
2025-10-14 13:44:18,587 - src.infrastructure.database.repositories.product_repository - INFO - –ù–∞–π–¥–µ–Ω —Ç–æ–≤–∞—Ä: Microsoft Xbox Velocity Green –ë–µ—Å–ø—Ä–æ–≤–æ–¥–Ω–æ–π –≥–µ–π–º–ø–∞–¥ (ID: 1609078406)
2025-10-14 13:44:18,593 - src.core.decorators - INFO - –§—É–Ω–∫—Ü–∏—è get_all_products: commit –ø—Ä–æ–ø—É—â–µ–Ω, –≤—ã–ø–æ–ª–Ω—è–µ—Ç—Å—è rollback
2025-10-14 13:44:18,599 - src.core.uow - INFO - Unit of Work: —Ç—Ä–∞–Ω–∑–∞–∫—Ü–∏—è –æ—Ç–∫–∞—á–µ–Ω–∞, rollback –≤—ã–ø–æ–ª–Ω–µ–Ω
2025-10-14 13:44:18,601 - src.core.uow - INFO - Unit of Work: —Ç—Ä–∞–Ω–∑–∞–∫—Ü–∏—è –∑–∞—Ñ–∏–∫—Å–∏—Ä–æ–≤–∞–Ω–∞, commit –≤—ã–ø–æ–ª–Ω–µ–Ω
2025-10-14 13:44:18,602 - src.core.uow - INFO - Unit of Work –∑–∞–≤–µ—Ä—à–∏–ª —Ä–∞–±–æ—Ç—É, —Å–µ—Å—Å–∏—è –∑–∞–∫—Ä—ã—Ç–∞
2025-10-14 13:44:18,684 - aiogram.event - INFO - Update id=557185737 is handled. Duration 232 ms by bot id=5702092394
2025-10-14 13:44:19,448 - aiogram.event - INFO - Update id=557185738 is handled. Duration 187 ms by bot id=5702092394
2025-10-14 13:44:27,971 - src.core.uow - INFO - Unit of Work –∏–Ω–∏—Ü–∏–∞–ª–∏–∑–∏—Ä–æ–≤–∞–Ω —Å —Å–µ—Å—Å–∏–µ–π –∏ —Ä–µ–ø–æ–∑–∏—Ç–æ—Ä–∏—è–º–∏
2025-10-14 13:44:30,978 - src.infrastructure.parsers.session_engine - INFO - Stealth-–Ω–∞—Å—Ç—Ä–æ–π–∫–∏ —É—Å–ø–µ—à–Ω–æ –ø—Ä–∏–º–µ–Ω–µ–Ω—ã.
2025-10-14 13:44:30,979 - src.infrastructure.parsers.session_engine - INFO - WebDriver —É—Å–ø–µ—à–Ω–æ –∏–Ω–∏—Ü–∏–∞–ª–∏–∑–∏—Ä–æ–≤–∞–Ω.
2025-10-14 13:44:31,973 - src.infrastructure.parsers.session_engine - INFO - –£—Å–ø–µ—à–Ω–æ –∑–∞–≥—Ä—É–∂–µ–Ω–∞ —Å—Ç—Ä–∞–Ω–∏—Ü–∞: https://www.ozon.ru/product/napolnitel-dlya-koshachego-tualeta-komkuyushchiysya-tofu-12-l-cat-step-tofu-original-149648776/?at=16tL3WLx8uXRM2YAsQkGELZfnnp480HzYVrRgIWnMkgV
2025-10-14 13:44:31,976 - src.infrastructure.parsers.ozon_parser - INFO - –ó–∞–≥—Ä—É–∂–µ–Ω–∞ —Å—Ç—Ä–∞–Ω–∏—Ü–∞: https://www.ozon.ru/product/napolnitel-dlya-koshachego-tualeta-komkuyushchiysya-tofu-12-l-cat-step-tofu-original-149648776/?at=16tL3WLx8uXRM2YAsQkGELZfnnp480HzYVrRgIWnMkgV
2025-10-14 13:44:40,718 - src.infrastructure.parsers.ozon_parser - INFO - –ù–∞–π–¥–µ–Ω –∞—Ä—Ç–∏–∫—É–ª: 149648776
2025-10-14 13:44:40,796 - src.infrastructure.parsers.ozon_parser - INFO - –ù–∞–π–¥–µ–Ω–æ –Ω–∞–∑–≤–∞–Ω–∏–µ —Ç–æ–≤–∞—Ä–∞: –ù–∞–ø–æ–ª–Ω–∏—Ç–µ–ª—å –¥–ª—è –∫–æ—à–∞—á—å–µ–≥–æ —Ç—É–∞–ª–µ—Ç–∞ –∫–æ–º–∫—É—é—â–∏–π—Å—è —Ç–æ—Ñ—É 12 –ª Cat Step Tofu Original
2025-10-14 13:44:40,873 - src.infrastructure.parsers.ozon_parser - INFO - –ù–∞–π–¥–µ–Ω —Ä–µ–π—Ç–∏–Ω–≥: 4.9
2025-10-14 13:44:40,946 - src.infrastructure.parsers.ozon_parser - INFO - –ù–∞–π–¥–µ–Ω–∞ —Ü–µ–Ω–∞ —Å –∫–∞—Ä—Ç–æ–π: 1369
2025-10-14 13:44:41,017 - src.infrastructure.parsers.ozon_parser - INFO - –ù–∞–π–¥–µ–Ω–∞ —Ü–µ–Ω–∞ –±–µ–∑ –∫–∞—Ä—Ç—ã: 1433
2025-10-14 13:44:41,066 - src.infrastructure.parsers.ozon_parser - INFO - –ù–∞–π–¥–µ–Ω–æ –∏–∑–æ–±—Ä–∞–∂–µ–Ω–∏–µ: https://ir.ozone.ru/s3/multimedia-1-w/wc1000/7352980268.jpg
2025-10-14 13:44:41,278 - src.infrastructure.parsers.ozon_parser - INFO - –ù–∞–π–¥–µ–Ω—ã –∫–∞—Ç–µ–≥–æ—Ä–∏–∏: ['–¢–æ–≤–∞—Ä—ã –¥–ª—è –∂–∏–≤–æ—Ç–Ω—ã—Ö', '–î–ª—è –∫–æ—à–µ–∫', '–¢—É–∞–ª–µ—Ç—ã –∏ –Ω–∞–ø–æ–ª–Ω–∏—Ç–µ–ª–∏', '–ù–∞–ø–æ–ª–Ω–∏—Ç–µ–ª–∏ –¥–ª—è —Ç—É–∞–ª–µ—Ç–∞', 'Cat Step']
2025-10-14 13:44:41,279 - src.infrastructure.parsers.ozon_parser - INFO - –î–∞–Ω–Ω—ã–µ, –ø–æ–ª—É—á–µ–Ω–Ω—ã–µ –ø–∞—Ä—Å–µ—Ä–æ–º: {'id': '149648776', 'name': '–ù–∞–ø–æ–ª–Ω–∏—Ç–µ–ª—å –¥–ª—è –∫–æ—à–∞—á—å–µ–≥–æ —Ç—É–∞–ª–µ—Ç–∞ –∫–æ–º–∫—É—é—â–∏–π—Å—è —Ç–æ—Ñ—É 12 –ª Cat Step Tofu Original', 'rating': 4.9, 'price_with_card': 1369, 'price_without_card': 1433, 'image_url': 'https://ir.ozone.ru/s3/multimedia-1-w/wc1000/7352980268.jpg', 'categories': ['–¢–æ–≤–∞—Ä—ã –¥–ª—è –∂–∏–≤–æ—Ç–Ω—ã—Ö', '–î–ª—è –∫–æ—à–µ–∫', '–¢—É–∞–ª–µ—Ç—ã –∏ –Ω–∞–ø–æ–ª–Ω–∏—Ç–µ–ª–∏', '–ù–∞–ø–æ–ª–Ω–∏—Ç–µ–ª–∏ –¥–ª—è —Ç—É–∞–ª–µ—Ç–∞', 'Cat Step']}
2025-10-14 13:44:43,260 - src.infrastructure.parsers.session_engine - INFO - WebDriver —É—Å–ø–µ—à–Ω–æ –∑–∞–∫—Ä—ã—Ç.
2025-10-14 13:44:43,260 - src.application.use_cases.create_product - INFO - –ü–∞—Ä—Å–∏–Ω–≥ –¥–∞–Ω–Ω—ã—Ö –¥–ª—è https://www.ozon.ru/product/napolnitel-dlya-koshachego-tualeta-komkuyushchiysya-tofu-12-l-cat-step-tofu-original-149648776/?at=16tL3WLx8uXRM2YAsQkGELZfnnp480HzYVrRgIWnMkgV: {'id': '149648776', 'name': '–ù–∞–ø–æ–ª–Ω–∏—Ç–µ–ª—å –¥–ª—è –∫–æ—à–∞—á—å–µ–≥–æ —Ç—É–∞–ª–µ—Ç–∞ –∫–æ–º–∫—É—é—â–∏–π—Å—è —Ç–æ—Ñ—É 12 –ª Cat Step Tofu Original', 'rating': 4.9, 'price_with_card': 1369, 'price_without_card': 1433, 'image_url': 'https://ir.ozone.ru/s3/multimedia-1-w/wc1000/7352980268.jpg', 'categories': ['–¢–æ–≤–∞—Ä—ã –¥–ª—è –∂–∏–≤–æ—Ç–Ω—ã—Ö', '–î–ª—è –∫–æ—à–µ–∫', '–¢—É–∞–ª–µ—Ç—ã –∏ –Ω–∞–ø–æ–ª–Ω–∏—Ç–µ–ª–∏', '–ù–∞–ø–æ–ª–Ω–∏—Ç–µ–ª–∏ –¥–ª—è —Ç—É–∞–ª–µ—Ç–∞', 'Cat Step']} –∑–∞–≤–µ—Ä—à–µ–Ω.
2025-10-14 13:44:43,267 - src.infrastructure.database.repositories.product_repository - WARNING - –¢–æ–≤–∞—Ä —Å ID 149648776 –Ω–µ –Ω–∞–π–¥–µ–Ω
2025-10-14 13:44:43,279 - src.infrastructure.database.repositories.user_repository - INFO - –ü–æ–ª—å–∑–æ–≤–∞—Ç–µ–ª—å User(id='515084006', username='heavenyoung', chat_id='515084006', products=['1728110604', '1609078406']) –ø–æ–ª—É—á–µ–Ω –ø–æ id: 515084006
2025-10-14 13:44:43,285 - src.infrastructure.database.repositories.user_repository - INFO - –ü–æ–ª—å–∑–æ–≤–∞—Ç–µ–ª—å 515084006 —É—Å–ø–µ—à–Ω–æ —Å–æ—Ö—Ä–∞–Ω–µ–Ω/–æ–±–Ω–æ–≤–ª–µ–Ω
2025-10-14 13:44:43,286 - src.infrastructure.database.repositories.product_repository - INFO - –°–æ—Ö—Ä–∞–Ω–µ–Ω–∏–µ —Ç–æ–≤–∞—Ä–∞: Product(id='149648776', user_id='515084006', name='–ù–∞–ø–æ–ª–Ω–∏—Ç–µ–ª—å –¥–ª—è –∫–æ—à–∞—á—å–µ–≥–æ —Ç—É–∞–ª–µ—Ç–∞ –∫–æ–º–∫—É—é—â–∏–π—Å—è —Ç–æ—Ñ—É 12 –ª Cat Step Tofu Original', link='https://www.ozon.ru/product/napolnitel-dlya-koshachego-tualeta-komkuyushchiysya-tofu-12-l-cat-step-tofu-original-149648776/?at=16tL3WLx8uXRM2YAsQkGELZfnnp480HzYVrRgIWnMkgV', image_url='https://ir.ozone.ru/s3/multimedia-1-w/wc1000/7352980268.jpg', rating=4.9, categories=['–¢–æ–≤–∞—Ä—ã –¥–ª—è –∂–∏–≤–æ—Ç–Ω—ã—Ö', '–î–ª—è –∫–æ—à–µ–∫', '–¢—É–∞–ª–µ—Ç—ã –∏ –Ω–∞–ø–æ–ª–Ω–∏—Ç–µ–ª–∏', '–ù–∞–ø–æ–ª–Ω–∏—Ç–µ–ª–∏ –¥–ª—è —Ç—É–∞–ª–µ—Ç–∞', 'Cat Step'], prices=[Price(id=None, product_id='149648776', with_card=1369, without_card=1433, previous_with_card=None, previous_without_card=None, created_at=datetime.datetime(2025, 10, 14, 13, 44, 43, 268020))])
2025-10-14 13:44:43,290 - src.infrastructure.database.repositories.price_repository - INFO - –°–æ—Ö—Ä–∞–Ω–µ–Ω–∏–µ —Ü–µ–Ω—ã: Price(id=None, product_id='149648776', with_card=1369, without_card=1433, previous_with_card=None, previous_without_card=None, created_at=datetime.datetime(2025, 10, 14, 13, 44, 43, 268020))
2025-10-14 13:44:43,291 - src.infrastructure.database.repositories.user_products_repository - INFO - –ü—Ä–∏–≤—è–∑–∫–∞ —Ç–æ–≤–∞—Ä–∞ ID 149648776 –ø–æ–ª—å–∑–æ–≤–∞—Ç–µ–ª—é ID 515084006
2025-10-14 13:44:43,292 - src.core.decorators - INFO - –§—É–Ω–∫—Ü–∏—è create_product: –≤—ã–ø–æ–ª–Ω—è–µ—Ç—Å—è commit —Ç—Ä–∞–Ω–∑–∞–∫—Ü–∏–∏
2025-10-14 13:44:43,362 - src.core.uow - INFO - Unit of Work: —Ç—Ä–∞–Ω–∑–∞–∫—Ü–∏—è –∑–∞—Ñ–∏–∫—Å–∏—Ä–æ–≤–∞–Ω–∞, commit –≤—ã–ø–æ–ª–Ω–µ–Ω
2025-10-14 13:44:43,363 - src.core.uow - INFO - Unit of Work: —Ç—Ä–∞–Ω–∑–∞–∫—Ü–∏—è –∑–∞—Ñ–∏–∫—Å–∏—Ä–æ–≤–∞–Ω–∞, commit –≤—ã–ø–æ–ª–Ω–µ–Ω
2025-10-14 13:44:43,363 - src.core.uow - INFO - Unit of Work –∑–∞–≤–µ—Ä—à–∏–ª —Ä–∞–±–æ—Ç—É, —Å–µ—Å—Å–∏—è –∑–∞–∫—Ä—ã—Ç–∞
2025-10-14 13:44:43,571 - aiogram.event - INFO - Update id=557185739 is handled. Duration 15758 ms by bot id=5702092394
2025-10-14 13:44:49,004 - aiogram.dispatcher - INFO - Polling stopped
2025-10-14 13:44:49,007 - aiogram.dispatcher - ERROR - Failed to fetch updates - TelegramNetworkError: HTTP Client says - ServerDisconnectedError: Server disconnected
2025-10-14 13:44:49,007 - aiogram.dispatcher - WARNING - Sleep for 1.000000 seconds and try again... (tryings = 0, bot id = 5702092394)
2025-10-14 13:44:49,149 - aiogram.dispatcher - INFO - Polling stopped for bot @heavenyoung_testbot id=5702092394 - 'testtest'
2025-10-14 13:45:02,176 - src.infrastructure.services.logger - INFO - –ë–æ—Ç –∑–∞–ø—É—â–µ–Ω
2025-10-14 13:45:02,178 - src.infrastructure.services.logger - INFO - –í—Å–µ —Ö–µ–Ω–¥–ª–µ—Ä—ã –∑–∞—Ä–µ–≥–∏—Å—Ç—Ä–∏—Ä–æ–≤–∞–Ω—ã.
2025-10-14 13:45:02,183 - src.infrastructure.services.logger - INFO - üìç Scheduler –∏—Å–ø–æ–ª—å–∑—É–µ—Ç event loop: <ProactorEventLoop running=True closed=False debug=False>
2025-10-14 13:45:02,185 - apscheduler.scheduler - INFO - Adding job tentatively -- it will be properly scheduled when the scheduler starts
2025-10-14 13:45:02,188 - apscheduler.scheduler - INFO - Added job "APSchedulerService.run_price_update" to job store "default"
2025-10-14 13:45:02,188 - apscheduler.scheduler - INFO - Scheduler started
2025-10-14 13:45:02,189 - src.infrastructure.services.logger - INFO - üîÅ APScheduler –∑–∞–ø—É—â–µ–Ω (–∏–Ω—Ç–µ—Ä–≤–∞–ª: 1 –º–∏–Ω).
2025-10-14 13:45:02,189 - src.infrastructure.services.logger - INFO - ‚úÖ –ü–ª–∞–Ω–∏—Ä–æ–≤—â–∏–∫ —É—Å–ø–µ—à–Ω–æ –∑–∞–ø—É—â–µ–Ω!
2025-10-14 13:45:02,189 - aiogram.dispatcher - INFO - Start polling
2025-10-14 13:45:02,379 - aiogram.dispatcher - INFO - Run polling for bot @heavenyoung_testbot id=5702092394 - 'testtest'
2025-10-14 13:45:04,335 - src.core.db_connection - INFO - –ò–Ω–∏—Ü–∏–∞–ª–∏–∑–∞—Ü–∏—è –ø–æ–¥–∫–ª—é—á–µ–Ω–∏—è –∫ –ë–î: postgresql+psycopg2://postgres:1234@192.168.175.129:5432/pricely_db
2025-10-14 13:45:04,428 - src.core.uow - INFO - Unit of Work –∏–Ω–∏—Ü–∏–∞–ª–∏–∑–∏—Ä–æ–≤–∞–Ω —Å —Å–µ—Å—Å–∏–µ–π –∏ —Ä–µ–ø–æ–∑–∏—Ç–æ—Ä–∏—è–º–∏
2025-10-14 13:45:04,491 - src.infrastructure.database.repositories.user_repository - INFO - –ü–æ–ª—å–∑–æ–≤–∞—Ç–µ–ª—å User(id='515084006', username='heavenyoung', chat_id='515084006', products=['1728110604', '1609078406', '149648776']) –ø–æ–ª—É—á–µ–Ω –ø–æ id: 515084006
2025-10-14 13:45:04,492 - src.application.use_cases.create_user - INFO - –ü–æ–ª—å–∑–æ–≤–∞—Ç–µ–ª—å 515084006 —É–∂–µ —Å—É—â–µ—Å—Ç–≤—É–µ—Ç, –ø—Ä–æ–ø—É—Å–∫–∞–µ–º —Å–æ–∑–¥–∞–Ω–∏–µ
2025-10-14 13:45:04,492 - src.core.decorators - INFO - –§—É–Ω–∫—Ü–∏—è create_user: –≤—ã–ø–æ–ª–Ω—è–µ—Ç—Å—è commit —Ç—Ä–∞–Ω–∑–∞–∫—Ü–∏–∏
2025-10-14 13:45:04,498 - src.core.uow - INFO - Unit of Work: —Ç—Ä–∞–Ω–∑–∞–∫—Ü–∏—è –∑–∞—Ñ–∏–∫—Å–∏—Ä–æ–≤–∞–Ω–∞, commit –≤—ã–ø–æ–ª–Ω–µ–Ω
2025-10-14 13:45:04,499 - src.core.uow - INFO - Unit of Work: —Ç—Ä–∞–Ω–∑–∞–∫—Ü–∏—è –∑–∞—Ñ–∏–∫—Å–∏—Ä–æ–≤–∞–Ω–∞, commit –≤—ã–ø–æ–ª–Ω–µ–Ω
2025-10-14 13:45:04,499 - src.core.uow - INFO - Unit of Work –∑–∞–≤–µ—Ä—à–∏–ª —Ä–∞–±–æ—Ç—É, —Å–µ—Å—Å–∏—è –∑–∞–∫—Ä—ã—Ç–∞
2025-10-14 13:45:04,500 - src.infrastructure.services.logger - INFO - –ü–æ–ª—å–∑–æ–≤–∞—Ç–µ–ª—å 515084006 —Å–æ–∑–¥–∞–Ω –∏–ª–∏ —É–∂–µ —Å—É—â–µ—Å—Ç–≤—É–µ—Ç
2025-10-14 13:45:04,695 - aiogram.event - INFO - Update id=557185740 is handled. Duration 361 ms by bot id=5702092394
2025-10-14 13:45:06,443 - aiogram.event - INFO - Update id=557185741 is handled. Duration 272 ms by bot id=5702092394
2025-10-14 13:45:08,247 - src.core.uow - INFO - Unit of Work –∏–Ω–∏—Ü–∏–∞–ª–∏–∑–∏—Ä–æ–≤–∞–Ω —Å —Å–µ—Å—Å–∏–µ–π –∏ —Ä–µ–ø–æ–∑–∏—Ç–æ—Ä–∏—è–º–∏
2025-10-14 13:45:08,248 - src.application.use_cases.get_products_for_user - INFO - –ó–∞–ø—Ä–æ—Å —Å–ø–∏—Å–∫–∞ —Ç–æ–≤–∞—Ä–æ–≤ –¥–ª—è –ø–æ–ª—å–∑–æ–≤–∞—Ç–µ–ª—è ID: 515084006
2025-10-14 13:45:08,296 - src.infrastructure.database.repositories.product_repository - INFO - –ù–∞–π–¥–µ–Ω —Ç–æ–≤–∞—Ä: Xiaomi S20 EU (BHR8629EU) –†–æ–±–æ—Ç-–ø—ã–ª–µ—Å–æ—Å, —Å—É—Ö–∞—è –∏ –≤–ª–∞–∂–Ω–∞—è —É–±–æ—Ä–∫–∞, –±–µ–ª—ã–π (ID: 1728110604)
2025-10-14 13:45:08,321 - src.infrastructure.database.repositories.product_repository - INFO - –ù–∞–π–¥–µ–Ω —Ç–æ–≤–∞—Ä: Microsoft Xbox Velocity Green –ë–µ—Å–ø—Ä–æ–≤–æ–¥–Ω–æ–π –≥–µ–π–º–ø–∞–¥ (ID: 1609078406)
2025-10-14 13:45:08,344 - src.infrastructure.database.repositories.product_repository - INFO - –ù–∞–π–¥–µ–Ω —Ç–æ–≤–∞—Ä: –ù–∞–ø–æ–ª–Ω–∏—Ç–µ–ª—å –¥–ª—è –∫–æ—à–∞—á—å–µ–≥–æ —Ç—É–∞–ª–µ—Ç–∞ –∫–æ–º–∫—É—é—â–∏–π—Å—è —Ç–æ—Ñ—É 12 –ª Cat Step Tofu Original (ID: 149648776)
2025-10-14 13:45:08,352 - src.core.decorators - INFO - –§—É–Ω–∫—Ü–∏—è get_all_products: commit –ø—Ä–æ–ø—É—â–µ–Ω, –≤—ã–ø–æ–ª–Ω—è–µ—Ç—Å—è rollback
2025-10-14 13:45:08,355 - src.core.uow - INFO - Unit of Work: —Ç—Ä–∞–Ω–∑–∞–∫—Ü–∏—è –æ—Ç–∫–∞—á–µ–Ω–∞, rollback –≤—ã–ø–æ–ª–Ω–µ–Ω
2025-10-14 13:45:08,357 - src.core.uow - INFO - Unit of Work: —Ç—Ä–∞–Ω–∑–∞–∫—Ü–∏—è –∑–∞—Ñ–∏–∫—Å–∏—Ä–æ–≤–∞–Ω–∞, commit –≤—ã–ø–æ–ª–Ω–µ–Ω
2025-10-14 13:45:08,357 - src.core.uow - INFO - Unit of Work –∑–∞–≤–µ—Ä—à–∏–ª —Ä–∞–±–æ—Ç—É, —Å–µ—Å—Å–∏—è –∑–∞–∫—Ä—ã—Ç–∞
2025-10-14 13:45:08,530 - aiogram.event - INFO - Update id=557185742 is handled. Duration 285 ms by bot id=5702092394
2025-10-14 13:45:09,936 - src.core.uow - INFO - Unit of Work –∏–Ω–∏—Ü–∏–∞–ª–∏–∑–∏—Ä–æ–≤–∞–Ω —Å —Å–µ—Å—Å–∏–µ–π –∏ —Ä–µ–ø–æ–∑–∏—Ç–æ—Ä–∏—è–º–∏
2025-10-14 13:45:09,950 - src.infrastructure.database.repositories.product_repository - INFO - –ù–∞–π–¥–µ–Ω —Ç–æ–≤–∞—Ä: –ù–∞–ø–æ–ª–Ω–∏—Ç–µ–ª—å –¥–ª—è –∫–æ—à–∞—á—å–µ–≥–æ —Ç—É–∞–ª–µ—Ç–∞ –∫–æ–º–∫—É—é—â–∏–π—Å—è —Ç–æ—Ñ—É 12 –ª Cat Step Tofu Original (ID: 149648776)
2025-10-14 13:45:09,955 - src.core.decorators - INFO - –§—É–Ω–∫—Ü–∏—è get_full_product: commit –ø—Ä–æ–ø—É—â–µ–Ω, –≤—ã–ø–æ–ª–Ω—è–µ—Ç—Å—è rollback
2025-10-14 13:45:09,959 - src.core.uow - INFO - Unit of Work: —Ç—Ä–∞–Ω–∑–∞–∫—Ü–∏—è –æ—Ç–∫–∞—á–µ–Ω–∞, rollback –≤—ã–ø–æ–ª–Ω–µ–Ω
2025-10-14 13:45:09,959 - src.core.uow - INFO - Unit of Work: —Ç—Ä–∞–Ω–∑–∞–∫—Ü–∏—è –∑–∞—Ñ–∏–∫—Å–∏—Ä–æ–≤–∞–Ω–∞, commit –≤—ã–ø–æ–ª–Ω–µ–Ω
2025-10-14 13:45:09,960 - src.core.uow - INFO - Unit of Work –∑–∞–≤–µ—Ä—à–∏–ª —Ä–∞–±–æ—Ç—É, —Å–µ—Å—Å–∏—è –∑–∞–∫—Ä—ã—Ç–∞
2025-10-14 13:45:10,055 - aiogram.event - INFO - Update id=557185743 is handled. Duration 197 ms by bot id=5702092394
2025-10-14 13:45:11,069 - src.core.uow - INFO - Unit of Work –∏–Ω–∏—Ü–∏–∞–ª–∏–∑–∏—Ä–æ–≤–∞–Ω —Å —Å–µ—Å—Å–∏–µ–π –∏ —Ä–µ–ø–æ–∑–∏—Ç–æ—Ä–∏—è–º–∏
2025-10-14 13:45:11,084 - src.infrastructure.database.repositories.product_repository - INFO - –ù–∞–π–¥–µ–Ω —Ç–æ–≤–∞—Ä: –ù–∞–ø–æ–ª–Ω–∏—Ç–µ–ª—å –¥–ª—è –∫–æ—à–∞—á—å–µ–≥–æ —Ç—É–∞–ª–µ—Ç–∞ –∫–æ–º–∫—É—é—â–∏–π—Å—è —Ç–æ—Ñ—É 12 –ª Cat Step Tofu Original (ID: 149648776)
2025-10-14 13:45:11,089 - src.core.decorators - INFO - –§—É–Ω–∫—Ü–∏—è get_full_product: commit –ø—Ä–æ–ø—É—â–µ–Ω, –≤—ã–ø–æ–ª–Ω—è–µ—Ç—Å—è rollback
2025-10-14 13:45:11,091 - src.core.uow - INFO - Unit of Work: —Ç—Ä–∞–Ω–∑–∞–∫—Ü–∏—è –æ—Ç–∫–∞—á–µ–Ω–∞, rollback –≤—ã–ø–æ–ª–Ω–µ–Ω
2025-10-14 13:45:11,093 - src.core.uow - INFO - Unit of Work: —Ç—Ä–∞–Ω–∑–∞–∫—Ü–∏—è –∑–∞—Ñ–∏–∫—Å–∏—Ä–æ–≤–∞–Ω–∞, commit –≤—ã–ø–æ–ª–Ω–µ–Ω
2025-10-14 13:45:11,094 - src.core.uow - INFO - Unit of Work –∑–∞–≤–µ—Ä—à–∏–ª —Ä–∞–±–æ—Ç—É, —Å–µ—Å—Å–∏—è –∑–∞–∫—Ä—ã—Ç–∞
2025-10-14 13:45:11,179 - aiogram.event - INFO - Update id=557185744 is handled. Duration 176 ms by bot id=5702092394
2025-10-14 13:45:12,184 - src.core.uow - INFO - Unit of Work –∏–Ω–∏—Ü–∏–∞–ª–∏–∑–∏—Ä–æ–≤–∞–Ω —Å —Å–µ—Å—Å–∏–µ–π –∏ —Ä–µ–ø–æ–∑–∏—Ç–æ—Ä–∏—è–º–∏
2025-10-14 13:45:12,199 - src.infrastructure.database.repositories.product_repository - INFO - –ù–∞–π–¥–µ–Ω —Ç–æ–≤–∞—Ä: –ù–∞–ø–æ–ª–Ω–∏—Ç–µ–ª—å –¥–ª—è –∫–æ—à–∞—á—å–µ–≥–æ —Ç—É–∞–ª–µ—Ç–∞ –∫–æ–º–∫—É—é—â–∏–π—Å—è —Ç–æ—Ñ—É 12 –ª Cat Step Tofu Original (ID: 149648776)
2025-10-14 13:45:12,200 - src.infrastructure.database.repositories.price_repository - INFO - –ü–æ–ø—ã—Ç–∫–∞ —É–¥–∞–ª–µ–Ω–∏—è –≤—Å–µ—Ö —Ü–µ–Ω –¥–ª—è —Ç–æ–≤–∞—Ä–∞ —Å ID: 149648776
2025-10-14 13:45:12,203 - src.infrastructure.database.repositories.price_repository - INFO - –í—Å–µ —Ü–µ–Ω—ã –¥–ª—è —Ç–æ–≤–∞—Ä–∞ —Å ID 149648776 —É—Å–ø–µ—à–Ω–æ —É–¥–∞–ª–µ–Ω—ã
2025-10-14 13:45:12,204 - src.application.use_cases.delete_product - INFO - –¶–µ–Ω—ã –¥–ª—è —Ç–æ–≤–∞—Ä–∞ 149648776 —É–¥–∞–ª–µ–Ω—ã
2025-10-14 13:45:12,205 - src.infrastructure.database.repositories.product_repository - INFO - –ü–æ–ø—ã—Ç–∫–∞ —É–¥–∞–ª–µ–Ω–∏—è —Ç–æ–≤–∞—Ä–∞ —Å ID: 149648776
2025-10-14 13:45:12,219 - src.infrastructure.database.repositories.product_repository - INFO - –¢–æ–≤–∞—Ä —Å ID 149648776 —É—Å–ø–µ—à–Ω–æ —É–¥–∞–ª–µ–Ω
2025-10-14 13:45:12,222 - src.infrastructure.database.repositories.user_repository - WARNING - –ü–æ–ª—å–∑–æ–≤–∞—Ç–µ–ª—å —Å id  –Ω–µ –Ω–∞–π–¥–µ–Ω
2025-10-14 13:45:12,223 - src.application.use_cases.delete_product - INFO - –û–ø–µ—Ä–∞—Ü–∏—è —É–¥–∞–ª–µ–Ω–∏—è –≤—ã–ø–æ–ª–Ω–µ–Ω–∞ –¥–ª—è ID 149648776
2025-10-14 13:45:12,224 - src.core.decorators - INFO - –§—É–Ω–∫—Ü–∏—è delete_product: –≤—ã–ø–æ–ª–Ω—è–µ—Ç—Å—è commit —Ç—Ä–∞–Ω–∑–∞–∫—Ü–∏–∏
2025-10-14 13:45:12,263 - src.core.uow - INFO - Unit of Work: —Ç—Ä–∞–Ω–∑–∞–∫—Ü–∏—è –∑–∞—Ñ–∏–∫—Å–∏—Ä–æ–≤–∞–Ω–∞, commit –≤—ã–ø–æ–ª–Ω–µ–Ω
2025-10-14 13:45:12,265 - src.core.uow - INFO - Unit of Work: —Ç—Ä–∞–Ω–∑–∞–∫—Ü–∏—è –∑–∞—Ñ–∏–∫—Å–∏—Ä–æ–≤–∞–Ω–∞, commit –≤—ã–ø–æ–ª–Ω–µ–Ω
2025-10-14 13:45:12,266 - src.core.uow - INFO - Unit of Work –∑–∞–≤–µ—Ä—à–∏–ª —Ä–∞–±–æ—Ç—É, —Å–µ—Å—Å–∏—è –∑–∞–∫—Ä—ã—Ç–∞
2025-10-14 13:45:12,268 - src.core.uow - INFO - Unit of Work –∏–Ω–∏—Ü–∏–∞–ª–∏–∑–∏—Ä–æ–≤–∞–Ω —Å —Å–µ—Å—Å–∏–µ–π –∏ —Ä–µ–ø–æ–∑–∏—Ç–æ—Ä–∏—è–º–∏
2025-10-14 13:45:12,268 - src.application.use_cases.get_products_for_user - INFO - –ó–∞–ø—Ä–æ—Å —Å–ø–∏—Å–∫–∞ —Ç–æ–≤–∞—Ä–æ–≤ –¥–ª—è –ø–æ–ª—å–∑–æ–≤–∞—Ç–µ–ª—è ID: 515084006
2025-10-14 13:45:12,289 - src.infrastructure.database.repositories.product_repository - INFO - –ù–∞–π–¥–µ–Ω —Ç–æ–≤–∞—Ä: Xiaomi S20 EU (BHR8629EU) –†–æ–±–æ—Ç-–ø—ã–ª–µ—Å–æ—Å, —Å—É—Ö–∞—è –∏ –≤–ª–∞–∂–Ω–∞—è —É–±–æ—Ä–∫–∞, –±–µ–ª—ã–π (ID: 1728110604)
2025-10-14 13:45:12,304 - src.infrastructure.database.repositories.product_repository - INFO - –ù–∞–π–¥–µ–Ω —Ç–æ–≤–∞—Ä: Microsoft Xbox Velocity Green –ë–µ—Å–ø—Ä–æ–≤–æ–¥–Ω–æ–π –≥–µ–π–º–ø–∞–¥ (ID: 1609078406)
2025-10-14 13:45:12,313 - src.core.decorators - INFO - –§—É–Ω–∫—Ü–∏—è get_all_products: commit –ø—Ä–æ–ø—É—â–µ–Ω, –≤—ã–ø–æ–ª–Ω—è–µ—Ç—Å—è rollback
2025-10-14 13:45:12,317 - src.core.uow - INFO - Unit of Work: —Ç—Ä–∞–Ω–∑–∞–∫—Ü–∏—è –æ—Ç–∫–∞—á–µ–Ω–∞, rollback –≤—ã–ø–æ–ª–Ω–µ–Ω
2025-10-14 13:45:12,318 - src.core.uow - INFO - Unit of Work: —Ç—Ä–∞–Ω–∑–∞–∫—Ü–∏—è –∑–∞—Ñ–∏–∫—Å–∏—Ä–æ–≤–∞–Ω–∞, commit –≤—ã–ø–æ–ª–Ω–µ–Ω
2025-10-14 13:45:12,319 - src.core.uow - INFO - Unit of Work –∑–∞–≤–µ—Ä—à–∏–ª —Ä–∞–±–æ—Ç—É, —Å–µ—Å—Å–∏—è –∑–∞–∫—Ä—ã—Ç–∞
2025-10-14 13:45:12,405 - aiogram.event - INFO - Update id=557185745 is handled. Duration 288 ms by bot id=5702092394
2025-10-14 13:45:18,832 - aiogram.dispatcher - INFO - Polling stopped
2025-10-14 13:45:18,834 - aiogram.dispatcher - ERROR - Failed to fetch updates - TelegramNetworkError: HTTP Client says - ServerDisconnectedError: Server disconnected
2025-10-14 13:45:18,835 - aiogram.dispatcher - WARNING - Sleep for 1.000000 seconds and try again... (tryings = 0, bot id = 5702092394)
2025-10-14 13:45:18,962 - aiogram.dispatcher - INFO - Polling stopped for bot @heavenyoung_testbot id=5702092394 - 'testtest'
